
> Configure project :app
WARNING: The option setting 'android.overridePathCheck=true' is experimental.
The current default is 'false'.
WARNING: Using flatDir should be avoided because it doesn't support any meta-data formats.

> Configure project :capacitor-cordova-android-plugins
WARNING: Using flatDir should be avoided because it doesn't support any meta-data formats.

> Task :clean
> Task :app:clean
> Task :capacitor-android:clean
> Task :capacitor-cordova-android-plugins:clean
> Task :capacitor-splash-screen:clean
> Task :capacitor-status-bar:clean
> Task :app:preBuild UP-TO-DATE
> Task :app:preReleaseBuild UP-TO-DATE
> Task :capacitor-android:preBuild UP-TO-DATE
> Task :capacitor-android:preReleaseBuild UP-TO-DATE
> Task :capacitor-cordova-android-plugins:preBuild UP-TO-DATE
> Task :capacitor-cordova-android-plugins:preReleaseBuild UP-TO-DATE
> Task :capacitor-splash-screen:preBuild UP-TO-DATE
> Task :capacitor-splash-screen:preReleaseBuild UP-TO-DATE
> Task :app:javaPreCompileRelease
> Task :capacitor-android:writeReleaseAarMetadata
> Task :capacitor-status-bar:preBuild UP-TO-DATE
> Task :capacitor-cordova-android-plugins:writeReleaseAarMetadata
> Task :capacitor-status-bar:preReleaseBuild UP-TO-DATE
> Task :capacitor-splash-screen:writeReleaseAarMetadata
> Task :capacitor-status-bar:writeReleaseAarMetadata
> Task :app:generateReleaseResValues
> Task :capacitor-android:generateReleaseResValues
> Task :app:checkReleaseAarMetadata
> Task :capacitor-android:generateReleaseResources
> Task :capacitor-android:packageReleaseResources
> Task :capacitor-cordova-android-plugins:generateReleaseResValues
> Task :capacitor-cordova-android-plugins:generateReleaseResources
> Task :capacitor-cordova-android-plugins:packageReleaseResources
> Task :capacitor-splash-screen:generateReleaseResValues
> Task :capacitor-splash-screen:generateReleaseResources
> Task :capacitor-splash-screen:packageReleaseResources
> Task :capacitor-status-bar:generateReleaseResValues
> Task :capacitor-status-bar:generateReleaseResources
> Task :capacitor-status-bar:packageReleaseResources
> Task :app:mapReleaseSourceSetPaths
> Task :app:generateReleaseResources
> Task :app:packageReleaseResources
> Task :app:parseReleaseLocalResources
> Task :app:createReleaseCompatibleScreenManifests
> Task :app:extractDeepLinksRelease
> Task :capacitor-android:extractDeepLinksRelease
> Task :capacitor-cordova-android-plugins:extractDeepLinksRelease
> Task :capacitor-cordova-android-plugins:processReleaseManifest
> Task :capacitor-splash-screen:extractDeepLinksRelease
> Task :capacitor-splash-screen:processReleaseManifest
> Task :capacitor-status-bar:extractDeepLinksRelease
> Task :capacitor-android:processReleaseManifest
> Task :capacitor-status-bar:processReleaseManifest
> Task :app:processReleaseMainManifest
> Task :app:processReleaseManifest
> Task :capacitor-android:parseReleaseLocalResources
> Task :app:processReleaseManifestForPackage
> Task :capacitor-android:generateReleaseRFile
> Task :capacitor-cordova-android-plugins:parseReleaseLocalResources
> Task :capacitor-android:compileReleaseLibraryResources
> Task :capacitor-cordova-android-plugins:generateReleaseRFile
> Task :capacitor-splash-screen:parseReleaseLocalResources
> Task :capacitor-splash-screen:generateReleaseRFile
> Task :capacitor-status-bar:parseReleaseLocalResources
> Task :capacitor-status-bar:generateReleaseRFile
> Task :capacitor-splash-screen:compileReleaseLibraryResources
> Task :capacitor-android:javaPreCompileRelease
> Task :capacitor-status-bar:compileReleaseLibraryResources
> Task :capacitor-cordova-android-plugins:compileReleaseLibraryResources
> Task :app:mergeReleaseResources

> Task :capacitor-android:compileReleaseJavaWithJavac
Note: Some input files use unchecked or unsafe operations.
Note: Recompile with -Xlint:unchecked for details.

> Task :capacitor-cordova-android-plugins:javaPreCompileRelease
> Task :capacitor-android:bundleLibCompileToJarRelease
> Task :capacitor-splash-screen:javaPreCompileRelease
> Task :capacitor-cordova-android-plugins:compileReleaseJavaWithJavac NO-SOURCE
> Task :capacitor-cordova-android-plugins:bundleLibCompileToJarRelease
> Task :capacitor-splash-screen:compileReleaseJavaWithJavac
> Task :capacitor-status-bar:javaPreCompileRelease
> Task :capacitor-splash-screen:bundleLibCompileToJarRelease
> Task :app:extractProguardFiles
> Task :app:processReleaseResources
> Task :capacitor-status-bar:compileReleaseJavaWithJavac
> Task :capacitor-android:processReleaseJavaRes NO-SOURCE
> Task :capacitor-status-bar:bundleLibCompileToJarRelease
> Task :capacitor-android:extractProguardFiles
> Task :capacitor-android:bundleLibRuntimeToJarRelease
> Task :app:compileReleaseJavaWithJavac
> Task :capacitor-android:createFullJarRelease
> Task :capacitor-android:generateReleaseLintModel
> Task :capacitor-android:prepareLintJarForPublish UP-TO-DATE
> Task :capacitor-cordova-android-plugins:processReleaseJavaRes NO-SOURCE
> Task :capacitor-cordova-android-plugins:bundleLibRuntimeToJarRelease
> Task :capacitor-cordova-android-plugins:extractProguardFiles
> Task :capacitor-cordova-android-plugins:createFullJarRelease
> Task :capacitor-cordova-android-plugins:generateReleaseLintModel
> Task :capacitor-cordova-android-plugins:prepareLintJarForPublish UP-TO-DATE
> Task :capacitor-splash-screen:processReleaseJavaRes NO-SOURCE
> Task :capacitor-splash-screen:extractProguardFiles
> Task :capacitor-splash-screen:bundleLibRuntimeToJarRelease
> Task :capacitor-splash-screen:generateReleaseLintModel
> Task :capacitor-splash-screen:createFullJarRelease
> Task :capacitor-splash-screen:prepareLintJarForPublish UP-TO-DATE
> Task :capacitor-status-bar:processReleaseJavaRes NO-SOURCE
> Task :capacitor-status-bar:bundleLibRuntimeToJarRelease
> Task :capacitor-status-bar:extractProguardFiles
> Task :capacitor-status-bar:createFullJarRelease
> Task :capacitor-status-bar:generateReleaseLintModel
> Task :capacitor-status-bar:prepareLintJarForPublish UP-TO-DATE
> Task :app:generateReleaseLintVitalReportModel
> Task :capacitor-splash-screen:mergeReleaseJniLibFolders
> Task :capacitor-splash-screen:mergeReleaseNativeLibs NO-SOURCE
> Task :capacitor-splash-screen:stripReleaseDebugSymbols NO-SOURCE
> Task :capacitor-splash-screen:copyReleaseJniLibsProjectAndLocalJars
> Task :capacitor-splash-screen:extractDeepLinksForAarRelease UP-TO-DATE
> Task :capacitor-splash-screen:extractReleaseAnnotations
> Task :capacitor-splash-screen:mergeReleaseGeneratedProguardFiles UP-TO-DATE
> Task :capacitor-splash-screen:mergeReleaseConsumerProguardFiles UP-TO-DATE
> Task :capacitor-splash-screen:mergeReleaseShaders
> Task :capacitor-splash-screen:compileReleaseShaders NO-SOURCE
> Task :capacitor-splash-screen:generateReleaseAssets UP-TO-DATE
> Task :capacitor-splash-screen:packageReleaseAssets
> Task :capacitor-splash-screen:prepareReleaseArtProfile UP-TO-DATE
> Task :capacitor-splash-screen:mergeReleaseJavaResource
> Task :capacitor-status-bar:mergeReleaseJniLibFolders
> Task :capacitor-splash-screen:syncReleaseLibJars
> Task :capacitor-splash-screen:bundleReleaseLocalLintAar
> Task :capacitor-status-bar:mergeReleaseNativeLibs NO-SOURCE
> Task :capacitor-status-bar:stripReleaseDebugSymbols NO-SOURCE
> Task :capacitor-status-bar:extractDeepLinksForAarRelease UP-TO-DATE
> Task :capacitor-status-bar:copyReleaseJniLibsProjectAndLocalJars
> Task :capacitor-status-bar:extractReleaseAnnotations
> Task :capacitor-status-bar:mergeReleaseGeneratedProguardFiles UP-TO-DATE
> Task :capacitor-status-bar:mergeReleaseConsumerProguardFiles UP-TO-DATE
> Task :capacitor-status-bar:mergeReleaseShaders
> Task :capacitor-status-bar:compileReleaseShaders NO-SOURCE
> Task :capacitor-status-bar:generateReleaseAssets UP-TO-DATE
> Task :capacitor-status-bar:packageReleaseAssets
> Task :capacitor-status-bar:prepareReleaseArtProfile UP-TO-DATE
> Task :capacitor-status-bar:mergeReleaseJavaResource
> Task :capacitor-android:mergeReleaseJniLibFolders
> Task :capacitor-status-bar:syncReleaseLibJars
> Task :capacitor-status-bar:bundleReleaseLocalLintAar
> Task :capacitor-android:mergeReleaseNativeLibs NO-SOURCE
> Task :capacitor-android:stripReleaseDebugSymbols NO-SOURCE
> Task :capacitor-android:copyReleaseJniLibsProjectAndLocalJars
> Task :capacitor-android:extractDeepLinksForAarRelease UP-TO-DATE
> Task :capacitor-android:extractReleaseAnnotations
> Task :capacitor-android:mergeReleaseGeneratedProguardFiles UP-TO-DATE
> Task :capacitor-android:mergeReleaseConsumerProguardFiles
> Task :capacitor-android:mergeReleaseShaders
> Task :capacitor-android:compileReleaseShaders NO-SOURCE
> Task :capacitor-android:generateReleaseAssets UP-TO-DATE
> Task :capacitor-android:packageReleaseAssets
> Task :capacitor-android:prepareReleaseArtProfile UP-TO-DATE
> Task :capacitor-android:mergeReleaseJavaResource
> Task :capacitor-cordova-android-plugins:mergeReleaseJniLibFolders
> Task :capacitor-android:syncReleaseLibJars
> Task :capacitor-android:bundleReleaseLocalLintAar
> Task :capacitor-cordova-android-plugins:mergeReleaseNativeLibs NO-SOURCE
> Task :capacitor-cordova-android-plugins:stripReleaseDebugSymbols NO-SOURCE
> Task :capacitor-cordova-android-plugins:copyReleaseJniLibsProjectAndLocalJars
> Task :capacitor-cordova-android-plugins:extractDeepLinksForAarRelease UP-TO-DATE
> Task :capacitor-cordova-android-plugins:extractReleaseAnnotations
> Task :capacitor-cordova-android-plugins:mergeReleaseGeneratedProguardFiles UP-TO-DATE
> Task :capacitor-cordova-android-plugins:mergeReleaseConsumerProguardFiles UP-TO-DATE
> Task :capacitor-cordova-android-plugins:mergeReleaseShaders
> Task :capacitor-cordova-android-plugins:compileReleaseShaders NO-SOURCE
> Task :capacitor-cordova-android-plugins:generateReleaseAssets UP-TO-DATE
> Task :capacitor-cordova-android-plugins:packageReleaseAssets
> Task :capacitor-cordova-android-plugins:prepareReleaseArtProfile UP-TO-DATE
> Task :capacitor-cordova-android-plugins:mergeReleaseJavaResource
> Task :capacitor-cordova-android-plugins:syncReleaseLibJars
> Task :capacitor-cordova-android-plugins:bundleReleaseLocalLintAar
> Task :capacitor-android:writeReleaseLintModelMetadata
> Task :capacitor-cordova-android-plugins:writeReleaseLintModelMetadata
> Task :capacitor-splash-screen:writeReleaseLintModelMetadata
> Task :capacitor-status-bar:writeReleaseLintModelMetadata
> Task :capacitor-android:generateReleaseLintVitalModel
> Task :capacitor-cordova-android-plugins:generateReleaseLintVitalModel
> Task :capacitor-splash-screen:generateReleaseLintVitalModel
> Task :capacitor-status-bar:generateReleaseLintVitalModel
> Task :app:mergeReleaseJniLibFolders
> Task :capacitor-android:copyReleaseJniLibsProjectOnly
> Task :capacitor-cordova-android-plugins:copyReleaseJniLibsProjectOnly
> Task :capacitor-splash-screen:copyReleaseJniLibsProjectOnly
> Task :capacitor-status-bar:copyReleaseJniLibsProjectOnly
> Task :app:mergeReleaseNativeLibs NO-SOURCE
> Task :app:stripReleaseDebugSymbols NO-SOURCE
> Task :app:extractReleaseNativeSymbolTables NO-SOURCE
> Task :app:mergeReleaseNativeDebugMetadata NO-SOURCE
> Task :app:checkReleaseDuplicateClasses
> Task :app:dexBuilderRelease
> Task :app:desugarReleaseFileDependencies
> Task :app:mergeReleaseStartupProfile UP-TO-DATE
> Task :capacitor-cordova-android-plugins:lintVitalAnalyzeRelease
> Task :app:mergeReleaseArtProfile
> Task :app:mergeExtDexRelease
> Task :app:mergeReleaseGlobalSynthetics
> Task :app:mergeReleaseShaders
> Task :app:compileReleaseShaders NO-SOURCE
> Task :app:generateReleaseAssets UP-TO-DATE
> Task :app:mergeReleaseAssets
> Task :capacitor-splash-screen:lintVitalAnalyzeRelease
> Task :app:compressReleaseAssets
> Task :app:extractReleaseVersionControlInfo
> Task :app:processReleaseJavaRes NO-SOURCE
> Task :app:mergeDexRelease
> Task :app:compileReleaseArtProfile
> Task :app:mergeReleaseJavaResource
> Task :app:optimizeReleaseResources
> Task :app:collectReleaseDependencies
> Task :app:sdkReleaseDependencyData
> Task :app:validateSigningRelease
> Task :app:writeReleaseAppMetadata
> Task :app:writeReleaseSigningConfigVersions
> Task :capacitor-android:bundleReleaseAar
> Task :capacitor-android:mapReleaseSourceSetPaths
> Task :capacitor-status-bar:lintVitalAnalyzeRelease
> Task :capacitor-android:mergeReleaseResources
> Task :capacitor-cordova-android-plugins:bundleReleaseAar
> Task :capacitor-cordova-android-plugins:mapReleaseSourceSetPaths
> Task :capacitor-android:verifyReleaseResources
> Task :capacitor-android:lintVitalAnalyzeRelease
> Task :capacitor-cordova-android-plugins:mergeReleaseResources
> Task :capacitor-android:assembleRelease
> Task :app:packageRelease
> Task :app:createReleaseApkListingFileRedirect
> Task :capacitor-splash-screen:bundleReleaseAar
> Task :capacitor-splash-screen:mapReleaseSourceSetPaths
> Task :capacitor-splash-screen:mergeReleaseResources
> Task :capacitor-status-bar:bundleReleaseAar
> Task :capacitor-status-bar:mapReleaseSourceSetPaths
> Task :capacitor-cordova-android-plugins:verifyReleaseResources
> Task :capacitor-status-bar:mergeReleaseResources
> Task :capacitor-cordova-android-plugins:assembleRelease
> Task :app:lintVitalAnalyzeRelease
> Task :app:lintVitalReportRelease
> Task :app:lintVitalRelease
> Task :app:assembleRelease
> Task :capacitor-splash-screen:verifyReleaseResources
> Task :capacitor-splash-screen:assembleRelease
> Task :capacitor-status-bar:verifyReleaseResources
> Task :capacitor-status-bar:assembleRelease
[Incubating] Problems report is available at: file:///D:/%D0%BF%D0%B5%D1%82%D0%BA%D0%B0/android/build/reports/problems/problems-report.html

BUILD SUCCESSFUL in 1m 2s
196 actionable tasks: 176 executed, 20 up-to-date
